number of classes 1, number of rounds 2, number of configurations 11.
Total number of executions: 22
Time budget: 600
Memory: 3000
**Replicating Experiment**
Attempt number 1
[1/1] Generating tests for class org.jfree.chart.plot.XYPlot from project Chart-4
Generating test for org.jfree.chart.plot.XYPlot using default. Round 1/2
SEED value: 3576606269
-Dclient_on_thread=false
Generating test for org.jfree.chart.plot.XYPlot using BBC-F0-10. Round 1/2
SEED value: 654319445
-Dsecondary_objectives=BBCOVERAGE:TOTAL_LENGTH -DBBC_USAGE_PERCENTAGE=10
Generating test for org.jfree.chart.plot.XYPlot using BBC-F0-20. Round 1/2
SEED value: 2924205339
-Dsecondary_objectives=BBCOVERAGE:TOTAL_LENGTH -DBBC_USAGE_PERCENTAGE=20
Generating test for org.jfree.chart.plot.XYPlot using BBC-F0-30. Round 1/2
SEED value: 132158077
-Dsecondary_objectives=BBCOVERAGE:TOTAL_LENGTH -DBBC_USAGE_PERCENTAGE=30
Generating test for org.jfree.chart.plot.XYPlot using BBC-F0-40. Round 1/2
SEED value: 440211602
-Dsecondary_objectives=BBCOVERAGE:TOTAL_LENGTH -DBBC_USAGE_PERCENTAGE=40
Generating test for org.jfree.chart.plot.XYPlot using BBC-F0-50. Round 1/2
SEED value: 1900753443
-Dsecondary_objectives=BBCOVERAGE:TOTAL_LENGTH -DBBC_USAGE_PERCENTAGE=50
Generating test for org.jfree.chart.plot.XYPlot using BBC-F0-60. Round 1/2
SEED value: 3112621423
-Dsecondary_objectives=BBCOVERAGE:TOTAL_LENGTH -DBBC_USAGE_PERCENTAGE=60
Generating test for org.jfree.chart.plot.XYPlot using BBC-F0-70. Round 1/2
SEED value: 1882546247
-Dsecondary_objectives=BBCOVERAGE:TOTAL_LENGTH -DBBC_USAGE_PERCENTAGE=70
Generating test for org.jfree.chart.plot.XYPlot using BBC-F0-80. Round 1/2
SEED value: 519790918
-Dsecondary_objectives=BBCOVERAGE:TOTAL_LENGTH -DBBC_USAGE_PERCENTAGE=80
Generating test for org.jfree.chart.plot.XYPlot using BBC-F0-90. Round 1/2
SEED value: 3603032135
-Dsecondary_objectives=BBCOVERAGE:TOTAL_LENGTH -DBBC_USAGE_PERCENTAGE=90
Generating test for org.jfree.chart.plot.XYPlot using BBC-F0-100. Round 1/2
SEED value: 1304384109
-Dsecondary_objectives=BBCOVERAGE:TOTAL_LENGTH -DBBC_USAGE_PERCENTAGE=100
Generating test for org.jfree.chart.plot.XYPlot using default. Round 2/2
SEED value: 1779400090
-Dclient_on_thread=false
Generating test for org.jfree.chart.plot.XYPlot using BBC-F0-10. Round 2/2
SEED value: 3498641143
-Dsecondary_objectives=BBCOVERAGE:TOTAL_LENGTH -DBBC_USAGE_PERCENTAGE=10
Generating test for org.jfree.chart.plot.XYPlot using BBC-F0-20. Round 2/2
SEED value: 85193975
-Dsecondary_objectives=BBCOVERAGE:TOTAL_LENGTH -DBBC_USAGE_PERCENTAGE=20
Generating test for org.jfree.chart.plot.XYPlot using BBC-F0-30. Round 2/2
SEED value: 276446689
-Dsecondary_objectives=BBCOVERAGE:TOTAL_LENGTH -DBBC_USAGE_PERCENTAGE=30
Generating test for org.jfree.chart.plot.XYPlot using BBC-F0-40. Round 2/2
SEED value: 1195018086
-Dsecondary_objectives=BBCOVERAGE:TOTAL_LENGTH -DBBC_USAGE_PERCENTAGE=40
Generating test for org.jfree.chart.plot.XYPlot using BBC-F0-50. Round 2/2
SEED value: 818117654
-Dsecondary_objectives=BBCOVERAGE:TOTAL_LENGTH -DBBC_USAGE_PERCENTAGE=50
Generating test for org.jfree.chart.plot.XYPlot using BBC-F0-60. Round 2/2
SEED value: 2037831759
-Dsecondary_objectives=BBCOVERAGE:TOTAL_LENGTH -DBBC_USAGE_PERCENTAGE=60
Generating test for org.jfree.chart.plot.XYPlot using BBC-F0-70. Round 2/2
SEED value: 1768065442
-Dsecondary_objectives=BBCOVERAGE:TOTAL_LENGTH -DBBC_USAGE_PERCENTAGE=70
Generating test for org.jfree.chart.plot.XYPlot using BBC-F0-80. Round 2/2
SEED value: 3953004218
-Dsecondary_objectives=BBCOVERAGE:TOTAL_LENGTH -DBBC_USAGE_PERCENTAGE=80
Generating test for org.jfree.chart.plot.XYPlot using BBC-F0-90. Round 2/2
SEED value: 2406606440
-Dsecondary_objectives=BBCOVERAGE:TOTAL_LENGTH -DBBC_USAGE_PERCENTAGE=90
Generating test for org.jfree.chart.plot.XYPlot using BBC-F0-100. Round 2/2
SEED value: 2139466003
-Dsecondary_objectives=BBCOVERAGE:TOTAL_LENGTH -DBBC_USAGE_PERCENTAGE=100
There are still 43 active java processes: 
378966 java
379181 java
379414 java
379636 java
379877 java
380092 java
380333 java
380548 java
380789 java
381004 java
381245 java
381460 java
381701 java
381916 java
382157 java
382372 java
382605 java
382830 java
383072 java
383293 java
383529 java
383749 java
383980 java
384206 java
384436 java
384664 java
384896 java
385125 java
385356 java
385585 java
385814 java
386045 java
386274 java
386508 java
386736 java
386966 java
387199 java
387426 java
387656 java
387884 java
388115 java
388346 java
388387 java
There are still 44 active java processes: 
378966 java
379181 java
379414 java
379636 java
379877 java
380092 java
380333 java
380548 java
380789 java
381004 java
381245 java
381460 java
381701 java
381916 java
382157 java
382372 java
382605 java
382830 java
383072 java
383293 java
383529 java
383749 java
383980 java
384206 java
384436 java
384664 java
384896 java
385125 java
385356 java
385585 java
385814 java
386045 java
386274 java
386508 java
386736 java
386966 java
387199 java
387426 java
387656 java
387884 java
388115 java
388346 java
388387 java
388819 java
There are still 44 active java processes: 
378966 java
379181 java
379414 java
379636 java
379877 java
380092 java
380333 java
380548 java
380789 java
381004 java
381245 java
381460 java
381701 java
381916 java
382157 java
382372 java
382605 java
382830 java
383072 java
383293 java
383529 java
383749 java
383980 java
384206 java
384436 java
384664 java
384896 java
385125 java
385356 java
385585 java
385814 java
386045 java
386274 java
386508 java
386736 java
386966 java
387199 java
387426 java
387656 java
387884 java
388115 java
388346 java
388387 java
388819 java
There are still 44 active java processes: 
378966 java
379181 java
379414 java
379636 java
379877 java
380092 java
380333 java
380548 java
380789 java
381004 java
381245 java
381460 java
381701 java
381916 java
382157 java
382372 java
382605 java
382830 java
383072 java
383293 java
383529 java
383749 java
383980 java
384206 java
384436 java
384664 java
384896 java
385125 java
385356 java
385585 java
385814 java
386045 java
386274 java
386508 java
386736 java
386966 java
387199 java
387426 java
387656 java
387884 java
388115 java
388346 java
388387 java
388819 java
There are still 44 active java processes: 
378966 java
379181 java
379414 java
379636 java
379877 java
380092 java
380333 java
380548 java
380789 java
381004 java
381245 java
381460 java
381701 java
381916 java
382157 java
382372 java
382605 java
382830 java
383072 java
383293 java
383529 java
383749 java
383980 java
384206 java
384436 java
384664 java
384896 java
385125 java
385356 java
385585 java
385814 java
386045 java
386274 java
386508 java
386736 java
386966 java
387199 java
387426 java
387656 java
387884 java
388115 java
388346 java
388387 java
388819 java
There are still 44 active java processes: 
378966 java
379181 java
379414 java
379636 java
379877 java
380092 java
380333 java
380548 java
380789 java
381004 java
381245 java
381460 java
381701 java
381916 java
382157 java
382372 java
382605 java
382830 java
383072 java
383293 java
383529 java
383749 java
383980 java
384206 java
384436 java
384664 java
384896 java
385125 java
385356 java
385585 java
385814 java
386045 java
386274 java
386508 java
386736 java
386966 java
387199 java
387426 java
387656 java
387884 java
388115 java
388346 java
388387 java
388819 java
There are still 44 active java processes: 
378966 java
379181 java
379414 java
379636 java
379877 java
380092 java
380333 java
380548 java
380789 java
381004 java
381245 java
381460 java
381701 java
381916 java
382157 java
382372 java
382605 java
382830 java
383072 java
383293 java
383529 java
383749 java
383980 java
384206 java
384436 java
384664 java
384896 java
385125 java
385356 java
385585 java
385814 java
386045 java
386274 java
386508 java
386736 java
386966 java
387199 java
387426 java
387656 java
387884 java
388115 java
388346 java
388387 java
388819 java
There are still 44 active java processes: 
378966 java
379181 java
379414 java
379636 java
379877 java
380092 java
380333 java
380548 java
380789 java
381004 java
381245 java
381460 java
381701 java
381916 java
382157 java
382372 java
382605 java
382830 java
383072 java
383293 java
383529 java
383749 java
383980 java
384206 java
384436 java
384664 java
384896 java
385125 java
385356 java
385585 java
385814 java
386045 java
386274 java
386508 java
386736 java
386966 java
387199 java
387426 java
387656 java
387884 java
388115 java
388346 java
388387 java
388819 java
There are still 44 active java processes: 
378966 java
379181 java
379414 java
379636 java
379877 java
380092 java
380333 java
380548 java
380789 java
381004 java
381245 java
381460 java
381701 java
381916 java
382157 java
382372 java
382605 java
382830 java
383072 java
383293 java
383529 java
383749 java
383980 java
384206 java
384436 java
384664 java
384896 java
385125 java
385356 java
385585 java
385814 java
386045 java
386274 java
386508 java
386736 java
386966 java
387199 java
387426 java
387656 java
387884 java
388115 java
388346 java
388387 java
388819 java
There are still 44 active java processes: 
378966 java
379181 java
379414 java
379636 java
379877 java
380092 java
380333 java
380548 java
380789 java
381004 java
381245 java
381460 java
381701 java
381916 java
382157 java
382372 java
382605 java
382830 java
383072 java
383293 java
383529 java
383749 java
383980 java
384206 java
384436 java
384664 java
384896 java
385125 java
385356 java
385585 java
385814 java
386045 java
386274 java
386508 java
386736 java
386966 java
387199 java
387426 java
387656 java
387884 java
388115 java
388346 java
388387 java
388819 java
There are still 44 active java processes: 
378966 java
379181 java
379414 java
379636 java
379877 java
380092 java
380333 java
380548 java
380789 java
381004 java
381245 java
381460 java
381701 java
381916 java
382157 java
382372 java
382605 java
382830 java
383072 java
383293 java
383529 java
383749 java
383980 java
384206 java
384436 java
384664 java
384896 java
385125 java
385356 java
385585 java
385814 java
386045 java
386274 java
386508 java
386736 java
386966 java
387199 java
387426 java
387656 java
387884 java
388115 java
388346 java
388387 java
388819 java
There are still 44 active java processes: 
378966 java
379181 java
379414 java
379636 java
379877 java
380092 java
380333 java
380548 java
380789 java
381004 java
381245 java
381460 java
381701 java
381916 java
382157 java
382372 java
382605 java
382830 java
383072 java
383293 java
383529 java
383749 java
383980 java
384206 java
384436 java
384664 java
384896 java
385125 java
385356 java
385585 java
385814 java
386045 java
386274 java
386508 java
386736 java
386966 java
387199 java
387426 java
387656 java
387884 java
388115 java
388346 java
388387 java
388819 java
There are still 44 active java processes: 
378966 java
379181 java
379414 java
379636 java
379877 java
380092 java
380333 java
380548 java
380789 java
381004 java
381245 java
381460 java
381701 java
381916 java
382157 java
382372 java
382605 java
382830 java
383072 java
383293 java
383529 java
383749 java
383980 java
384206 java
384436 java
384664 java
384896 java
385125 java
385356 java
385585 java
385814 java
386045 java
386274 java
386508 java
386736 java
386966 java
387199 java
387426 java
387656 java
387884 java
388115 java
388346 java
388387 java
388819 java
There are still 44 active java processes: 
378966 java
379181 java
379414 java
379636 java
379877 java
380092 java
380333 java
380548 java
380789 java
381004 java
381245 java
381460 java
381701 java
381916 java
382157 java
382372 java
382605 java
382830 java
383072 java
383293 java
383529 java
383749 java
383980 java
384206 java
384436 java
384664 java
384896 java
385125 java
385356 java
385585 java
385814 java
386045 java
386274 java
386508 java
386736 java
386966 java
387199 java
387426 java
387656 java
387884 java
388115 java
388346 java
388387 java
388819 java
There are still 44 active java processes: 
378966 java
379181 java
379414 java
379636 java
379877 java
380092 java
380333 java
380548 java
380789 java
381004 java
381245 java
381460 java
381701 java
381916 java
382157 java
382372 java
382605 java
382830 java
383072 java
383293 java
383529 java
383749 java
383980 java
384206 java
384436 java
384664 java
384896 java
385125 java
385356 java
385585 java
385814 java
386045 java
386274 java
386508 java
386736 java
386966 java
387199 java
387426 java
387656 java
387884 java
388115 java
388346 java
388387 java
388819 java
There are still 38 active java processes: 
378966 java
379181 java
379414 java
379636 java
379877 java
380092 java
380333 java
380548 java
380789 java
381004 java
381245 java
381460 java
382157 java
382372 java
382605 java
382830 java
383529 java
383749 java
383980 java
384206 java
384436 java
384664 java
384896 java
385125 java
385356 java
385585 java
386274 java
386508 java
386736 java
386966 java
387199 java
387426 java
387656 java
387884 java
388115 java
388346 java
388387 java
388819 java
There are still 4 active java processes: 
380789 java
381004 java
384896 java
385125 java
There are still 4 active java processes: 
380789 java
381004 java
384896 java
385125 java
There are still 4 active java processes: 
380789 java
381004 java
384896 java
385125 java
There are still 4 active java processes: 
380789 java
381004 java
384896 java
385125 java
There are still 2 active java processes: 
381004 java
385125 java
There are still 2 active java processes: 
381004 java
385125 java
There are still 2 active java processes: 
381004 java
385125 java
There are still 2 active java processes: 
381004 java
385125 java
There are still 2 active java processes: 
381004 java
385125 java
There are still 2 active java processes: 
381004 java
385125 java
There are still 2 active java processes: 
381004 java
385125 java
There are still 2 active java processes: 
381004 java
385125 java
There are still 2 active java processes: 
381004 java
385125 java
There are still 2 active java processes: 
381004 java
385125 java
There are still 2 active java processes: 
381004 java
385125 java
There are still 2 active java processes: 
381004 java
385125 java
There are still 2 active java processes: 
381004 java
385125 java
There are still 2 active java processes: 
381004 java
385125 java
There are still 2 active java processes: 
381004 java
385125 java
There are still 2 active java processes: 
381004 java
385125 java
There are still 2 active java processes: 
381004 java
385125 java
There are still 2 active java processes: 
381004 java
385125 java
There are still 2 active java processes: 
381004 java
385125 java
There are still 2 active java processes: 
381004 java
385125 java
There are still 2 active java processes: 
381004 java
385125 java
There are still 2 active java processes: 
381004 java
385125 java
There are still 2 active java processes: 
381004 java
385125 java
There are still 1 active java processes: 
385125 java
There are still 1 active java processes: 
385125 java
There are still 1 active java processes: 
385125 java
There are still 1 active java processes: 
385125 java
There are still 1 active java processes: 
385125 java
There are still 1 active java processes: 
385125 java
There are still 1 active java processes: 
385125 java
There are still 1 active java processes: 
385125 java
There are still 1 active java processes: 
385125 java
There are still 1 active java processes: 
385125 java
There are still 1 active java processes: 
385125 java
There are still 1 active java processes: 
385125 java
There are still 1 active java processes: 
385125 java
There are still 1 active java processes: 
385125 java
There are still 1 active java processes: 
385125 java
There are still 1 active java processes: 
385125 java
There are still 1 active java processes: 
385125 java
There are still 1 active java processes: 
385125 java
There are still 1 active java processes: 
385125 java
There are still 1 active java processes: 
385125 java
There are still 1 active java processes: 
385125 java
There are still 1 active java processes: 
385125 java
There are still 1 active java processes: 
385125 java
There are still 1 active java processes: 
385125 java
There are still 1 active java processes: 
385125 java
There are still 1 active java processes: 
385125 java
There are still 1 active java processes: 
385125 java
There are still 1 active java processes: 
385125 java
There are still 1 active java processes: 
385125 java
There are still 1 active java processes: 
385125 java
There are still 1 active java processes: 
385125 java
There are still 1 active java processes: 
385125 java
There are still 1 active java processes: 
385125 java
There are still 1 active java processes: 
385125 java
There are still 1 active java processes: 
385125 java
There are still 1 active java processes: 
385125 java
There are still 1 active java processes: 
385125 java
There are still 1 active java processes: 
385125 java
There are still 1 active java processes: 
385125 java
There are still 1 active java processes: 
385125 java
There are still 1 active java processes: 
385125 java
There are still 1 active java processes: 
385125 java
There are still 1 active java processes: 
385125 java
There are still 1 active java processes: 
385125 java
There are still 1 active java processes: 
385125 java
Attempt number 2
[1/1] Generating tests for class org.jfree.chart.plot.XYPlot from project Chart-4
Report is already available at results/Chart-4/org.jfree.chart.plot.XYPlot/default/reports/1
Report is already available at results/Chart-4/org.jfree.chart.plot.XYPlot/BBC-F0-10/reports/1
Report is already available at results/Chart-4/org.jfree.chart.plot.XYPlot/BBC-F0-20/reports/1
Report is already available at results/Chart-4/org.jfree.chart.plot.XYPlot/BBC-F0-30/reports/1
Generating test for org.jfree.chart.plot.XYPlot using BBC-F0-40. Round 1/2
SEED value: 440211602
-Dsecondary_objectives=BBCOVERAGE:TOTAL_LENGTH -DBBC_USAGE_PERCENTAGE=40
Report is already available at results/Chart-4/org.jfree.chart.plot.XYPlot/BBC-F0-50/reports/1
Report is already available at results/Chart-4/org.jfree.chart.plot.XYPlot/BBC-F0-60/reports/1
Report is already available at results/Chart-4/org.jfree.chart.plot.XYPlot/BBC-F0-70/reports/1
Report is already available at results/Chart-4/org.jfree.chart.plot.XYPlot/BBC-F0-80/reports/1
Report is already available at results/Chart-4/org.jfree.chart.plot.XYPlot/BBC-F0-90/reports/1
Report is already available at results/Chart-4/org.jfree.chart.plot.XYPlot/BBC-F0-100/reports/1
Report is already available at results/Chart-4/org.jfree.chart.plot.XYPlot/default/reports/2
Report is already available at results/Chart-4/org.jfree.chart.plot.XYPlot/BBC-F0-10/reports/2
Generating test for org.jfree.chart.plot.XYPlot using BBC-F0-20. Round 2/2
SEED value: 85193975
-Dsecondary_objectives=BBCOVERAGE:TOTAL_LENGTH -DBBC_USAGE_PERCENTAGE=20
Report is already available at results/Chart-4/org.jfree.chart.plot.XYPlot/BBC-F0-30/reports/2
Report is already available at results/Chart-4/org.jfree.chart.plot.XYPlot/BBC-F0-40/reports/2
Report is already available at results/Chart-4/org.jfree.chart.plot.XYPlot/BBC-F0-50/reports/2
Report is already available at results/Chart-4/org.jfree.chart.plot.XYPlot/BBC-F0-60/reports/2
Report is already available at results/Chart-4/org.jfree.chart.plot.XYPlot/BBC-F0-70/reports/2
Report is already available at results/Chart-4/org.jfree.chart.plot.XYPlot/BBC-F0-80/reports/2
Report is already available at results/Chart-4/org.jfree.chart.plot.XYPlot/BBC-F0-90/reports/2
Report is already available at results/Chart-4/org.jfree.chart.plot.XYPlot/BBC-F0-100/reports/2
There are still 4 active java processes: 
394210 java
394425 java
394664 java
394879 java
There are still 4 active java processes: 
394210 java
394425 java
394664 java
394879 java
There are still 4 active java processes: 
394210 java
394425 java
394664 java
394879 java
There are still 4 active java processes: 
394210 java
394425 java
394664 java
394879 java
There are still 4 active java processes: 
394210 java
394425 java
394664 java
394879 java
There are still 4 active java processes: 
394210 java
394425 java
394664 java
394879 java
There are still 4 active java processes: 
394210 java
394425 java
394664 java
394879 java
There are still 4 active java processes: 
394210 java
394425 java
394664 java
394879 java
There are still 4 active java processes: 
394210 java
394425 java
394664 java
394879 java
There are still 4 active java processes: 
394210 java
394425 java
394664 java
394879 java
There are still 4 active java processes: 
394210 java
394425 java
394664 java
394879 java
There are still 4 active java processes: 
394210 java
394425 java
394664 java
394879 java
There are still 4 active java processes: 
394210 java
394425 java
394664 java
394879 java
There are still 4 active java processes: 
394210 java
394425 java
394664 java
394879 java
Attempt number 3
[1/1] Generating tests for class org.jfree.chart.plot.XYPlot from project Chart-4
Report is already available at results/Chart-4/org.jfree.chart.plot.XYPlot/default/reports/1
Report is already available at results/Chart-4/org.jfree.chart.plot.XYPlot/BBC-F0-10/reports/1
Report is already available at results/Chart-4/org.jfree.chart.plot.XYPlot/BBC-F0-20/reports/1
Report is already available at results/Chart-4/org.jfree.chart.plot.XYPlot/BBC-F0-30/reports/1
Report is already available at results/Chart-4/org.jfree.chart.plot.XYPlot/BBC-F0-40/reports/1
Report is already available at results/Chart-4/org.jfree.chart.plot.XYPlot/BBC-F0-50/reports/1
Report is already available at results/Chart-4/org.jfree.chart.plot.XYPlot/BBC-F0-60/reports/1
Report is already available at results/Chart-4/org.jfree.chart.plot.XYPlot/BBC-F0-70/reports/1
Report is already available at results/Chart-4/org.jfree.chart.plot.XYPlot/BBC-F0-80/reports/1
Report is already available at results/Chart-4/org.jfree.chart.plot.XYPlot/BBC-F0-90/reports/1
Report is already available at results/Chart-4/org.jfree.chart.plot.XYPlot/BBC-F0-100/reports/1
Report is already available at results/Chart-4/org.jfree.chart.plot.XYPlot/default/reports/2
Report is already available at results/Chart-4/org.jfree.chart.plot.XYPlot/BBC-F0-10/reports/2
Report is already available at results/Chart-4/org.jfree.chart.plot.XYPlot/BBC-F0-20/reports/2
Report is already available at results/Chart-4/org.jfree.chart.plot.XYPlot/BBC-F0-30/reports/2
Report is already available at results/Chart-4/org.jfree.chart.plot.XYPlot/BBC-F0-40/reports/2
Report is already available at results/Chart-4/org.jfree.chart.plot.XYPlot/BBC-F0-50/reports/2
Report is already available at results/Chart-4/org.jfree.chart.plot.XYPlot/BBC-F0-60/reports/2
Report is already available at results/Chart-4/org.jfree.chart.plot.XYPlot/BBC-F0-70/reports/2
Report is already available at results/Chart-4/org.jfree.chart.plot.XYPlot/BBC-F0-80/reports/2
Report is already available at results/Chart-4/org.jfree.chart.plot.XYPlot/BBC-F0-90/reports/2
Report is already available at results/Chart-4/org.jfree.chart.plot.XYPlot/BBC-F0-100/reports/2
No new execution
