number of classes 1, number of rounds 10, number of configurations 1.
Total number of executions: 10
Time budget: 600
Memory: 3000
**New Experiment**
Attempt number 1
[1/1] Generating tests for class org.apache.commons.collections4.IteratorUtils from project Collections-25
Report is already available at results/Collections-25/org.apache.commons.collections4.IteratorUtils/BBC-F0-opt-80/reports/11
Report is already available at results/Collections-25/org.apache.commons.collections4.IteratorUtils/BBC-F0-opt-80/reports/12
Generating test for org.apache.commons.collections4.IteratorUtils using BBC-F0-opt-80. Round 13/10
SEED value: 820452149
-Dsecondary_objectives=BBCOVERAGE:TOTAL_LENGTH -DBBC_USAGE_PERCENTAGE=80
Report is already available at results/Collections-25/org.apache.commons.collections4.IteratorUtils/BBC-F0-opt-80/reports/14
Report is already available at results/Collections-25/org.apache.commons.collections4.IteratorUtils/BBC-F0-opt-80/reports/15
Report is already available at results/Collections-25/org.apache.commons.collections4.IteratorUtils/BBC-F0-opt-80/reports/16
Report is already available at results/Collections-25/org.apache.commons.collections4.IteratorUtils/BBC-F0-opt-80/reports/17
Report is already available at results/Collections-25/org.apache.commons.collections4.IteratorUtils/BBC-F0-opt-80/reports/18
Report is already available at results/Collections-25/org.apache.commons.collections4.IteratorUtils/BBC-F0-opt-80/reports/19
Report is already available at results/Collections-25/org.apache.commons.collections4.IteratorUtils/BBC-F0-opt-80/reports/20
There are still 2 active java processes: 
2192125 java
2192340 java
Attempt number 2
[1/1] Generating tests for class org.apache.commons.collections4.IteratorUtils from project Collections-25
Report is already available at results/Collections-25/org.apache.commons.collections4.IteratorUtils/BBC-F0-opt-80/reports/11
Report is already available at results/Collections-25/org.apache.commons.collections4.IteratorUtils/BBC-F0-opt-80/reports/12
Generating test for org.apache.commons.collections4.IteratorUtils using BBC-F0-opt-80. Round 13/10
SEED value: 706505066
-Dsecondary_objectives=BBCOVERAGE:TOTAL_LENGTH -DBBC_USAGE_PERCENTAGE=80
Report is already available at results/Collections-25/org.apache.commons.collections4.IteratorUtils/BBC-F0-opt-80/reports/14
Report is already available at results/Collections-25/org.apache.commons.collections4.IteratorUtils/BBC-F0-opt-80/reports/15
Report is already available at results/Collections-25/org.apache.commons.collections4.IteratorUtils/BBC-F0-opt-80/reports/16
Report is already available at results/Collections-25/org.apache.commons.collections4.IteratorUtils/BBC-F0-opt-80/reports/17
Report is already available at results/Collections-25/org.apache.commons.collections4.IteratorUtils/BBC-F0-opt-80/reports/18
Report is already available at results/Collections-25/org.apache.commons.collections4.IteratorUtils/BBC-F0-opt-80/reports/19
Report is already available at results/Collections-25/org.apache.commons.collections4.IteratorUtils/BBC-F0-opt-80/reports/20
There are still 2 active java processes: 
2192599 java
2192814 java
There are still 2 active java processes: 
2192599 java
2192814 java
There are still 2 active java processes: 
2192599 java
2192814 java
There are still 2 active java processes: 
2192599 java
2192814 java
There are still 2 active java processes: 
2192599 java
2192814 java
Attempt number 3
[1/1] Generating tests for class org.apache.commons.collections4.IteratorUtils from project Collections-25
Report is already available at results/Collections-25/org.apache.commons.collections4.IteratorUtils/BBC-F0-opt-80/reports/11
Report is already available at results/Collections-25/org.apache.commons.collections4.IteratorUtils/BBC-F0-opt-80/reports/12
Generating test for org.apache.commons.collections4.IteratorUtils using BBC-F0-opt-80. Round 13/10
SEED value: 2173831836
-Dsecondary_objectives=BBCOVERAGE:TOTAL_LENGTH -DBBC_USAGE_PERCENTAGE=80
Report is already available at results/Collections-25/org.apache.commons.collections4.IteratorUtils/BBC-F0-opt-80/reports/14
Report is already available at results/Collections-25/org.apache.commons.collections4.IteratorUtils/BBC-F0-opt-80/reports/15
Report is already available at results/Collections-25/org.apache.commons.collections4.IteratorUtils/BBC-F0-opt-80/reports/16
Report is already available at results/Collections-25/org.apache.commons.collections4.IteratorUtils/BBC-F0-opt-80/reports/17
Report is already available at results/Collections-25/org.apache.commons.collections4.IteratorUtils/BBC-F0-opt-80/reports/18
Report is already available at results/Collections-25/org.apache.commons.collections4.IteratorUtils/BBC-F0-opt-80/reports/19
Report is already available at results/Collections-25/org.apache.commons.collections4.IteratorUtils/BBC-F0-opt-80/reports/20
There are still 2 active java processes: 
2193107 java
2193322 java
There are still 2 active java processes: 
2193107 java
2193322 java
Attempt number 4
[1/1] Generating tests for class org.apache.commons.collections4.IteratorUtils from project Collections-25
Report is already available at results/Collections-25/org.apache.commons.collections4.IteratorUtils/BBC-F0-opt-80/reports/11
Report is already available at results/Collections-25/org.apache.commons.collections4.IteratorUtils/BBC-F0-opt-80/reports/12
Generating test for org.apache.commons.collections4.IteratorUtils using BBC-F0-opt-80. Round 13/10
SEED value: 840751124
-Dsecondary_objectives=BBCOVERAGE:TOTAL_LENGTH -DBBC_USAGE_PERCENTAGE=80
Report is already available at results/Collections-25/org.apache.commons.collections4.IteratorUtils/BBC-F0-opt-80/reports/14
Report is already available at results/Collections-25/org.apache.commons.collections4.IteratorUtils/BBC-F0-opt-80/reports/15
Report is already available at results/Collections-25/org.apache.commons.collections4.IteratorUtils/BBC-F0-opt-80/reports/16
Report is already available at results/Collections-25/org.apache.commons.collections4.IteratorUtils/BBC-F0-opt-80/reports/17
Report is already available at results/Collections-25/org.apache.commons.collections4.IteratorUtils/BBC-F0-opt-80/reports/18
Report is already available at results/Collections-25/org.apache.commons.collections4.IteratorUtils/BBC-F0-opt-80/reports/19
Report is already available at results/Collections-25/org.apache.commons.collections4.IteratorUtils/BBC-F0-opt-80/reports/20
There are still 2 active java processes: 
2193589 java
2193804 java
There are still 2 active java processes: 
2193589 java
2193804 java
There are still 2 active java processes: 
2193589 java
2193804 java
There are still 2 active java processes: 
2193589 java
2193804 java
There are still 2 active java processes: 
2193589 java
2193804 java
Attempt number 5
[1/1] Generating tests for class org.apache.commons.collections4.IteratorUtils from project Collections-25
Report is already available at results/Collections-25/org.apache.commons.collections4.IteratorUtils/BBC-F0-opt-80/reports/11
Report is already available at results/Collections-25/org.apache.commons.collections4.IteratorUtils/BBC-F0-opt-80/reports/12
Generating test for org.apache.commons.collections4.IteratorUtils using BBC-F0-opt-80. Round 13/10
SEED value: 3875358529
-Dsecondary_objectives=BBCOVERAGE:TOTAL_LENGTH -DBBC_USAGE_PERCENTAGE=80
Report is already available at results/Collections-25/org.apache.commons.collections4.IteratorUtils/BBC-F0-opt-80/reports/14
Report is already available at results/Collections-25/org.apache.commons.collections4.IteratorUtils/BBC-F0-opt-80/reports/15
Report is already available at results/Collections-25/org.apache.commons.collections4.IteratorUtils/BBC-F0-opt-80/reports/16
Report is already available at results/Collections-25/org.apache.commons.collections4.IteratorUtils/BBC-F0-opt-80/reports/17
Report is already available at results/Collections-25/org.apache.commons.collections4.IteratorUtils/BBC-F0-opt-80/reports/18
Report is already available at results/Collections-25/org.apache.commons.collections4.IteratorUtils/BBC-F0-opt-80/reports/19
Report is already available at results/Collections-25/org.apache.commons.collections4.IteratorUtils/BBC-F0-opt-80/reports/20
There are still 2 active java processes: 
2194096 java
2194311 java
Attempt number 6
[1/1] Generating tests for class org.apache.commons.collections4.IteratorUtils from project Collections-25
Report is already available at results/Collections-25/org.apache.commons.collections4.IteratorUtils/BBC-F0-opt-80/reports/11
Report is already available at results/Collections-25/org.apache.commons.collections4.IteratorUtils/BBC-F0-opt-80/reports/12
Generating test for org.apache.commons.collections4.IteratorUtils using BBC-F0-opt-80. Round 13/10
SEED value: 3799393003
-Dsecondary_objectives=BBCOVERAGE:TOTAL_LENGTH -DBBC_USAGE_PERCENTAGE=80
Report is already available at results/Collections-25/org.apache.commons.collections4.IteratorUtils/BBC-F0-opt-80/reports/14
Report is already available at results/Collections-25/org.apache.commons.collections4.IteratorUtils/BBC-F0-opt-80/reports/15
Report is already available at results/Collections-25/org.apache.commons.collections4.IteratorUtils/BBC-F0-opt-80/reports/16
Report is already available at results/Collections-25/org.apache.commons.collections4.IteratorUtils/BBC-F0-opt-80/reports/17
Report is already available at results/Collections-25/org.apache.commons.collections4.IteratorUtils/BBC-F0-opt-80/reports/18
Report is already available at results/Collections-25/org.apache.commons.collections4.IteratorUtils/BBC-F0-opt-80/reports/19
Report is already available at results/Collections-25/org.apache.commons.collections4.IteratorUtils/BBC-F0-opt-80/reports/20
There are still 2 active java processes: 
2194571 java
2194786 java
There are still 2 active java processes: 
2194571 java
2194786 java
There are still 2 active java processes: 
2194571 java
2194786 java
There are still 1 active java processes: 
2194571 java
Attempt number 7
[1/1] Generating tests for class org.apache.commons.collections4.IteratorUtils from project Collections-25
Report is already available at results/Collections-25/org.apache.commons.collections4.IteratorUtils/BBC-F0-opt-80/reports/11
Report is already available at results/Collections-25/org.apache.commons.collections4.IteratorUtils/BBC-F0-opt-80/reports/12
Generating test for org.apache.commons.collections4.IteratorUtils using BBC-F0-opt-80. Round 13/10
SEED value: 3369196100
-Dsecondary_objectives=BBCOVERAGE:TOTAL_LENGTH -DBBC_USAGE_PERCENTAGE=80
Report is already available at results/Collections-25/org.apache.commons.collections4.IteratorUtils/BBC-F0-opt-80/reports/14
Report is already available at results/Collections-25/org.apache.commons.collections4.IteratorUtils/BBC-F0-opt-80/reports/15
Report is already available at results/Collections-25/org.apache.commons.collections4.IteratorUtils/BBC-F0-opt-80/reports/16
Report is already available at results/Collections-25/org.apache.commons.collections4.IteratorUtils/BBC-F0-opt-80/reports/17
Report is already available at results/Collections-25/org.apache.commons.collections4.IteratorUtils/BBC-F0-opt-80/reports/18
Report is already available at results/Collections-25/org.apache.commons.collections4.IteratorUtils/BBC-F0-opt-80/reports/19
Report is already available at results/Collections-25/org.apache.commons.collections4.IteratorUtils/BBC-F0-opt-80/reports/20
There are still 2 active java processes: 
2195069 java
2195284 java
There are still 2 active java processes: 
2195069 java
2195284 java
Attempt number 8
[1/1] Generating tests for class org.apache.commons.collections4.IteratorUtils from project Collections-25
Report is already available at results/Collections-25/org.apache.commons.collections4.IteratorUtils/BBC-F0-opt-80/reports/11
Report is already available at results/Collections-25/org.apache.commons.collections4.IteratorUtils/BBC-F0-opt-80/reports/12
Generating test for org.apache.commons.collections4.IteratorUtils using BBC-F0-opt-80. Round 13/10
SEED value: 2106786423
-Dsecondary_objectives=BBCOVERAGE:TOTAL_LENGTH -DBBC_USAGE_PERCENTAGE=80
Report is already available at results/Collections-25/org.apache.commons.collections4.IteratorUtils/BBC-F0-opt-80/reports/14
Report is already available at results/Collections-25/org.apache.commons.collections4.IteratorUtils/BBC-F0-opt-80/reports/15
Report is already available at results/Collections-25/org.apache.commons.collections4.IteratorUtils/BBC-F0-opt-80/reports/16
Report is already available at results/Collections-25/org.apache.commons.collections4.IteratorUtils/BBC-F0-opt-80/reports/17
Report is already available at results/Collections-25/org.apache.commons.collections4.IteratorUtils/BBC-F0-opt-80/reports/18
Report is already available at results/Collections-25/org.apache.commons.collections4.IteratorUtils/BBC-F0-opt-80/reports/19
Report is already available at results/Collections-25/org.apache.commons.collections4.IteratorUtils/BBC-F0-opt-80/reports/20
There are still 2 active java processes: 
2195551 java
2195766 java
There are still 2 active java processes: 
2195551 java
2195766 java
There are still 2 active java processes: 
2195551 java
2195766 java
Attempt number 9
[1/1] Generating tests for class org.apache.commons.collections4.IteratorUtils from project Collections-25
Report is already available at results/Collections-25/org.apache.commons.collections4.IteratorUtils/BBC-F0-opt-80/reports/11
Report is already available at results/Collections-25/org.apache.commons.collections4.IteratorUtils/BBC-F0-opt-80/reports/12
Generating test for org.apache.commons.collections4.IteratorUtils using BBC-F0-opt-80. Round 13/10
SEED value: 3937972748
-Dsecondary_objectives=BBCOVERAGE:TOTAL_LENGTH -DBBC_USAGE_PERCENTAGE=80
Report is already available at results/Collections-25/org.apache.commons.collections4.IteratorUtils/BBC-F0-opt-80/reports/14
Report is already available at results/Collections-25/org.apache.commons.collections4.IteratorUtils/BBC-F0-opt-80/reports/15
Report is already available at results/Collections-25/org.apache.commons.collections4.IteratorUtils/BBC-F0-opt-80/reports/16
Report is already available at results/Collections-25/org.apache.commons.collections4.IteratorUtils/BBC-F0-opt-80/reports/17
Report is already available at results/Collections-25/org.apache.commons.collections4.IteratorUtils/BBC-F0-opt-80/reports/18
Report is already available at results/Collections-25/org.apache.commons.collections4.IteratorUtils/BBC-F0-opt-80/reports/19
Report is already available at results/Collections-25/org.apache.commons.collections4.IteratorUtils/BBC-F0-opt-80/reports/20
There are still 2 active java processes: 
2196043 java
2196258 java
There are still 2 active java processes: 
2196043 java
2196258 java
There are still 2 active java processes: 
2196043 java
2196258 java
Attempt number 10
[1/1] Generating tests for class org.apache.commons.collections4.IteratorUtils from project Collections-25
Report is already available at results/Collections-25/org.apache.commons.collections4.IteratorUtils/BBC-F0-opt-80/reports/11
Report is already available at results/Collections-25/org.apache.commons.collections4.IteratorUtils/BBC-F0-opt-80/reports/12
Generating test for org.apache.commons.collections4.IteratorUtils using BBC-F0-opt-80. Round 13/10
SEED value: 4130877587
-Dsecondary_objectives=BBCOVERAGE:TOTAL_LENGTH -DBBC_USAGE_PERCENTAGE=80
Report is already available at results/Collections-25/org.apache.commons.collections4.IteratorUtils/BBC-F0-opt-80/reports/14
Report is already available at results/Collections-25/org.apache.commons.collections4.IteratorUtils/BBC-F0-opt-80/reports/15
Report is already available at results/Collections-25/org.apache.commons.collections4.IteratorUtils/BBC-F0-opt-80/reports/16
Report is already available at results/Collections-25/org.apache.commons.collections4.IteratorUtils/BBC-F0-opt-80/reports/17
Report is already available at results/Collections-25/org.apache.commons.collections4.IteratorUtils/BBC-F0-opt-80/reports/18
Report is already available at results/Collections-25/org.apache.commons.collections4.IteratorUtils/BBC-F0-opt-80/reports/19
Report is already available at results/Collections-25/org.apache.commons.collections4.IteratorUtils/BBC-F0-opt-80/reports/20
There are still 2 active java processes: 
2196533 java
2196748 java
There are still 2 active java processes: 
2196533 java
2196748 java
There are still 2 active java processes: 
2196533 java
2196748 java
There are still 2 active java processes: 
2196533 java
2196748 java
Attempt number 11
[1/1] Generating tests for class org.apache.commons.collections4.IteratorUtils from project Collections-25
Report is already available at results/Collections-25/org.apache.commons.collections4.IteratorUtils/BBC-F0-opt-80/reports/11
Report is already available at results/Collections-25/org.apache.commons.collections4.IteratorUtils/BBC-F0-opt-80/reports/12
Generating test for org.apache.commons.collections4.IteratorUtils using BBC-F0-opt-80. Round 13/10
SEED value: 1313545526
-Dsecondary_objectives=BBCOVERAGE:TOTAL_LENGTH -DBBC_USAGE_PERCENTAGE=80
Report is already available at results/Collections-25/org.apache.commons.collections4.IteratorUtils/BBC-F0-opt-80/reports/14
Report is already available at results/Collections-25/org.apache.commons.collections4.IteratorUtils/BBC-F0-opt-80/reports/15
Report is already available at results/Collections-25/org.apache.commons.collections4.IteratorUtils/BBC-F0-opt-80/reports/16
Report is already available at results/Collections-25/org.apache.commons.collections4.IteratorUtils/BBC-F0-opt-80/reports/17
Report is already available at results/Collections-25/org.apache.commons.collections4.IteratorUtils/BBC-F0-opt-80/reports/18
Report is already available at results/Collections-25/org.apache.commons.collections4.IteratorUtils/BBC-F0-opt-80/reports/19
Report is already available at results/Collections-25/org.apache.commons.collections4.IteratorUtils/BBC-F0-opt-80/reports/20
There are still 2 active java processes: 
2197031 java
2197246 java
There are still 2 active java processes: 
2197031 java
2197246 java
Attempt number 12
[1/1] Generating tests for class org.apache.commons.collections4.IteratorUtils from project Collections-25
Report is already available at results/Collections-25/org.apache.commons.collections4.IteratorUtils/BBC-F0-opt-80/reports/11
Report is already available at results/Collections-25/org.apache.commons.collections4.IteratorUtils/BBC-F0-opt-80/reports/12
Generating test for org.apache.commons.collections4.IteratorUtils using BBC-F0-opt-80. Round 13/10
SEED value: 3098215164
-Dsecondary_objectives=BBCOVERAGE:TOTAL_LENGTH -DBBC_USAGE_PERCENTAGE=80
Report is already available at results/Collections-25/org.apache.commons.collections4.IteratorUtils/BBC-F0-opt-80/reports/14
Report is already available at results/Collections-25/org.apache.commons.collections4.IteratorUtils/BBC-F0-opt-80/reports/15
Report is already available at results/Collections-25/org.apache.commons.collections4.IteratorUtils/BBC-F0-opt-80/reports/16
Report is already available at results/Collections-25/org.apache.commons.collections4.IteratorUtils/BBC-F0-opt-80/reports/17
Report is already available at results/Collections-25/org.apache.commons.collections4.IteratorUtils/BBC-F0-opt-80/reports/18
Report is already available at results/Collections-25/org.apache.commons.collections4.IteratorUtils/BBC-F0-opt-80/reports/19
Report is already available at results/Collections-25/org.apache.commons.collections4.IteratorUtils/BBC-F0-opt-80/reports/20
There are still 2 active java processes: 
2197513 java
2197728 java
Attempt number 13
[1/1] Generating tests for class org.apache.commons.collections4.IteratorUtils from project Collections-25
Report is already available at results/Collections-25/org.apache.commons.collections4.IteratorUtils/BBC-F0-opt-80/reports/11
Report is already available at results/Collections-25/org.apache.commons.collections4.IteratorUtils/BBC-F0-opt-80/reports/12
Generating test for org.apache.commons.collections4.IteratorUtils using BBC-F0-opt-80. Round 13/10
SEED value: 628408698
-Dsecondary_objectives=BBCOVERAGE:TOTAL_LENGTH -DBBC_USAGE_PERCENTAGE=80
Report is already available at results/Collections-25/org.apache.commons.collections4.IteratorUtils/BBC-F0-opt-80/reports/14
Report is already available at results/Collections-25/org.apache.commons.collections4.IteratorUtils/BBC-F0-opt-80/reports/15
Report is already available at results/Collections-25/org.apache.commons.collections4.IteratorUtils/BBC-F0-opt-80/reports/16
Report is already available at results/Collections-25/org.apache.commons.collections4.IteratorUtils/BBC-F0-opt-80/reports/17
Report is already available at results/Collections-25/org.apache.commons.collections4.IteratorUtils/BBC-F0-opt-80/reports/18
Report is already available at results/Collections-25/org.apache.commons.collections4.IteratorUtils/BBC-F0-opt-80/reports/19
Report is already available at results/Collections-25/org.apache.commons.collections4.IteratorUtils/BBC-F0-opt-80/reports/20
There are still 2 active java processes: 
2197987 java
2198202 java
There are still 2 active java processes: 
2197987 java
2198202 java
There are still 2 active java processes: 
2197987 java
2198202 java
Attempt number 14
[1/1] Generating tests for class org.apache.commons.collections4.IteratorUtils from project Collections-25
Report is already available at results/Collections-25/org.apache.commons.collections4.IteratorUtils/BBC-F0-opt-80/reports/11
Report is already available at results/Collections-25/org.apache.commons.collections4.IteratorUtils/BBC-F0-opt-80/reports/12
Generating test for org.apache.commons.collections4.IteratorUtils using BBC-F0-opt-80. Round 13/10
SEED value: 1275681137
-Dsecondary_objectives=BBCOVERAGE:TOTAL_LENGTH -DBBC_USAGE_PERCENTAGE=80
Report is already available at results/Collections-25/org.apache.commons.collections4.IteratorUtils/BBC-F0-opt-80/reports/14
Report is already available at results/Collections-25/org.apache.commons.collections4.IteratorUtils/BBC-F0-opt-80/reports/15
Report is already available at results/Collections-25/org.apache.commons.collections4.IteratorUtils/BBC-F0-opt-80/reports/16
Report is already available at results/Collections-25/org.apache.commons.collections4.IteratorUtils/BBC-F0-opt-80/reports/17
Report is already available at results/Collections-25/org.apache.commons.collections4.IteratorUtils/BBC-F0-opt-80/reports/18
Report is already available at results/Collections-25/org.apache.commons.collections4.IteratorUtils/BBC-F0-opt-80/reports/19
Report is already available at results/Collections-25/org.apache.commons.collections4.IteratorUtils/BBC-F0-opt-80/reports/20
There are still 2 active java processes: 
2198477 java
2198692 java
Attempt number 15
[1/1] Generating tests for class org.apache.commons.collections4.IteratorUtils from project Collections-25
Report is already available at results/Collections-25/org.apache.commons.collections4.IteratorUtils/BBC-F0-opt-80/reports/11
Report is already available at results/Collections-25/org.apache.commons.collections4.IteratorUtils/BBC-F0-opt-80/reports/12
Generating test for org.apache.commons.collections4.IteratorUtils using BBC-F0-opt-80. Round 13/10
SEED value: 1774992497
-Dsecondary_objectives=BBCOVERAGE:TOTAL_LENGTH -DBBC_USAGE_PERCENTAGE=80
Report is already available at results/Collections-25/org.apache.commons.collections4.IteratorUtils/BBC-F0-opt-80/reports/14
Report is already available at results/Collections-25/org.apache.commons.collections4.IteratorUtils/BBC-F0-opt-80/reports/15
Report is already available at results/Collections-25/org.apache.commons.collections4.IteratorUtils/BBC-F0-opt-80/reports/16
Report is already available at results/Collections-25/org.apache.commons.collections4.IteratorUtils/BBC-F0-opt-80/reports/17
Report is already available at results/Collections-25/org.apache.commons.collections4.IteratorUtils/BBC-F0-opt-80/reports/18
Report is already available at results/Collections-25/org.apache.commons.collections4.IteratorUtils/BBC-F0-opt-80/reports/19
Report is already available at results/Collections-25/org.apache.commons.collections4.IteratorUtils/BBC-F0-opt-80/reports/20
There are still 2 active java processes: 
2198951 java
2199166 java
There are still 2 active java processes: 
2198951 java
2199166 java
Attempt number 16
[1/1] Generating tests for class org.apache.commons.collections4.IteratorUtils from project Collections-25
Report is already available at results/Collections-25/org.apache.commons.collections4.IteratorUtils/BBC-F0-opt-80/reports/11
Report is already available at results/Collections-25/org.apache.commons.collections4.IteratorUtils/BBC-F0-opt-80/reports/12
Generating test for org.apache.commons.collections4.IteratorUtils using BBC-F0-opt-80. Round 13/10
SEED value: 4274326757
-Dsecondary_objectives=BBCOVERAGE:TOTAL_LENGTH -DBBC_USAGE_PERCENTAGE=80
Report is already available at results/Collections-25/org.apache.commons.collections4.IteratorUtils/BBC-F0-opt-80/reports/14
Report is already available at results/Collections-25/org.apache.commons.collections4.IteratorUtils/BBC-F0-opt-80/reports/15
Report is already available at results/Collections-25/org.apache.commons.collections4.IteratorUtils/BBC-F0-opt-80/reports/16
Report is already available at results/Collections-25/org.apache.commons.collections4.IteratorUtils/BBC-F0-opt-80/reports/17
Report is already available at results/Collections-25/org.apache.commons.collections4.IteratorUtils/BBC-F0-opt-80/reports/18
Report is already available at results/Collections-25/org.apache.commons.collections4.IteratorUtils/BBC-F0-opt-80/reports/19
Report is already available at results/Collections-25/org.apache.commons.collections4.IteratorUtils/BBC-F0-opt-80/reports/20
There are still 2 active java processes: 
2199433 java
2199648 java
There are still 2 active java processes: 
2199433 java
2199648 java
Attempt number 17
[1/1] Generating tests for class org.apache.commons.collections4.IteratorUtils from project Collections-25
Report is already available at results/Collections-25/org.apache.commons.collections4.IteratorUtils/BBC-F0-opt-80/reports/11
Report is already available at results/Collections-25/org.apache.commons.collections4.IteratorUtils/BBC-F0-opt-80/reports/12
Generating test for org.apache.commons.collections4.IteratorUtils using BBC-F0-opt-80. Round 13/10
SEED value: 3912892780
-Dsecondary_objectives=BBCOVERAGE:TOTAL_LENGTH -DBBC_USAGE_PERCENTAGE=80
Report is already available at results/Collections-25/org.apache.commons.collections4.IteratorUtils/BBC-F0-opt-80/reports/14
Report is already available at results/Collections-25/org.apache.commons.collections4.IteratorUtils/BBC-F0-opt-80/reports/15
Report is already available at results/Collections-25/org.apache.commons.collections4.IteratorUtils/BBC-F0-opt-80/reports/16
Report is already available at results/Collections-25/org.apache.commons.collections4.IteratorUtils/BBC-F0-opt-80/reports/17
Report is already available at results/Collections-25/org.apache.commons.collections4.IteratorUtils/BBC-F0-opt-80/reports/18
Report is already available at results/Collections-25/org.apache.commons.collections4.IteratorUtils/BBC-F0-opt-80/reports/19
Report is already available at results/Collections-25/org.apache.commons.collections4.IteratorUtils/BBC-F0-opt-80/reports/20
There are still 2 active java processes: 
2199915 java
2200130 java
Attempt number 18
[1/1] Generating tests for class org.apache.commons.collections4.IteratorUtils from project Collections-25
Report is already available at results/Collections-25/org.apache.commons.collections4.IteratorUtils/BBC-F0-opt-80/reports/11
Report is already available at results/Collections-25/org.apache.commons.collections4.IteratorUtils/BBC-F0-opt-80/reports/12
Generating test for org.apache.commons.collections4.IteratorUtils using BBC-F0-opt-80. Round 13/10
SEED value: 3931395255
-Dsecondary_objectives=BBCOVERAGE:TOTAL_LENGTH -DBBC_USAGE_PERCENTAGE=80
Report is already available at results/Collections-25/org.apache.commons.collections4.IteratorUtils/BBC-F0-opt-80/reports/14
Report is already available at results/Collections-25/org.apache.commons.collections4.IteratorUtils/BBC-F0-opt-80/reports/15
Report is already available at results/Collections-25/org.apache.commons.collections4.IteratorUtils/BBC-F0-opt-80/reports/16
Report is already available at results/Collections-25/org.apache.commons.collections4.IteratorUtils/BBC-F0-opt-80/reports/17
Report is already available at results/Collections-25/org.apache.commons.collections4.IteratorUtils/BBC-F0-opt-80/reports/18
Report is already available at results/Collections-25/org.apache.commons.collections4.IteratorUtils/BBC-F0-opt-80/reports/19
Report is already available at results/Collections-25/org.apache.commons.collections4.IteratorUtils/BBC-F0-opt-80/reports/20
There are still 2 active java processes: 
2200389 java
2200604 java
There are still 2 active java processes: 
2200389 java
2200604 java
There are still 1 active java processes: 
2200389 java
Attempt number 19
[1/1] Generating tests for class org.apache.commons.collections4.IteratorUtils from project Collections-25
Report is already available at results/Collections-25/org.apache.commons.collections4.IteratorUtils/BBC-F0-opt-80/reports/11
Report is already available at results/Collections-25/org.apache.commons.collections4.IteratorUtils/BBC-F0-opt-80/reports/12
Generating test for org.apache.commons.collections4.IteratorUtils using BBC-F0-opt-80. Round 13/10
SEED value: 2794119400
-Dsecondary_objectives=BBCOVERAGE:TOTAL_LENGTH -DBBC_USAGE_PERCENTAGE=80
Report is already available at results/Collections-25/org.apache.commons.collections4.IteratorUtils/BBC-F0-opt-80/reports/14
Report is already available at results/Collections-25/org.apache.commons.collections4.IteratorUtils/BBC-F0-opt-80/reports/15
Report is already available at results/Collections-25/org.apache.commons.collections4.IteratorUtils/BBC-F0-opt-80/reports/16
Report is already available at results/Collections-25/org.apache.commons.collections4.IteratorUtils/BBC-F0-opt-80/reports/17
Report is already available at results/Collections-25/org.apache.commons.collections4.IteratorUtils/BBC-F0-opt-80/reports/18
Report is already available at results/Collections-25/org.apache.commons.collections4.IteratorUtils/BBC-F0-opt-80/reports/19
Report is already available at results/Collections-25/org.apache.commons.collections4.IteratorUtils/BBC-F0-opt-80/reports/20
There are still 2 active java processes: 
2200878 java
2201093 java
There are still 2 active java processes: 
2200878 java
2201093 java
There are still 2 active java processes: 
2200878 java
2201093 java
There are still 2 active java processes: 
2200878 java
2201093 java
There are still 2 active java processes: 
2200878 java
2201093 java
There are still 2 active java processes: 
2200878 java
2201093 java
There are still 2 active java processes: 
2200878 java
2201093 java
There are still 2 active java processes: 
2200878 java
2201093 java
There are still 2 active java processes: 
2200878 java
2201093 java
There are still 2 active java processes: 
2200878 java
2201093 java
There are still 2 active java processes: 
2200878 java
2201093 java
There are still 2 active java processes: 
2200878 java
2201093 java
There are still 2 active java processes: 
2200878 java
2201093 java
There are still 2 active java processes: 
2200878 java
2201093 java
There are still 2 active java processes: 
2200878 java
2201093 java
There are still 2 active java processes: 
2200878 java
2201093 java
There are still 2 active java processes: 
2200878 java
2201093 java
Attempt number 20
[1/1] Generating tests for class org.apache.commons.collections4.IteratorUtils from project Collections-25
Report is already available at results/Collections-25/org.apache.commons.collections4.IteratorUtils/BBC-F0-opt-80/reports/11
Report is already available at results/Collections-25/org.apache.commons.collections4.IteratorUtils/BBC-F0-opt-80/reports/12
Report is already available at results/Collections-25/org.apache.commons.collections4.IteratorUtils/BBC-F0-opt-80/reports/13
Report is already available at results/Collections-25/org.apache.commons.collections4.IteratorUtils/BBC-F0-opt-80/reports/14
Report is already available at results/Collections-25/org.apache.commons.collections4.IteratorUtils/BBC-F0-opt-80/reports/15
Report is already available at results/Collections-25/org.apache.commons.collections4.IteratorUtils/BBC-F0-opt-80/reports/16
Report is already available at results/Collections-25/org.apache.commons.collections4.IteratorUtils/BBC-F0-opt-80/reports/17
Report is already available at results/Collections-25/org.apache.commons.collections4.IteratorUtils/BBC-F0-opt-80/reports/18
Report is already available at results/Collections-25/org.apache.commons.collections4.IteratorUtils/BBC-F0-opt-80/reports/19
Report is already available at results/Collections-25/org.apache.commons.collections4.IteratorUtils/BBC-F0-opt-80/reports/20
No new execution
